<?xml version="1.0" encoding="UTF-8"?>
<!-- Generated by org.testng.reporters.JUnitXMLReporter -->
<testsuite ignored="0" hostname="TECH-ANasser" failures="0" tests="1" name="FirefoxTest" time="0.476" errors="0" timestamp="2022-12-10T15:30:32 EET">
  <testcase classname="tests.TestBase" name="@BeforeTest StartDriver" time="0.44">
    <failure type="java.lang.NoClassDefFoundError" message="org/openqa/selenium/NoSuchShadowRootException">
      <![CDATA[java.lang.NoClassDefFoundError: org/openqa/selenium/NoSuchShadowRootException
at org.openqa.selenium.remote.ErrorCodes.<clinit>(ErrorCodes.java:125)
at org.openqa.selenium.remote.ErrorHandler.<init>(ErrorHandler.java:68)
at org.openqa.selenium.remote.ErrorHandler.<init>(ErrorHandler.java:59)
at org.openqa.selenium.remote.RemoteWebDriver.<init>(RemoteWebDriver.java:111)
at org.openqa.selenium.firefox.FirefoxDriver.<init>(FirefoxDriver.java:111)
at org.openqa.selenium.firefox.FirefoxDriver.<init>(FirefoxDriver.java:99)
at org.openqa.selenium.firefox.FirefoxDriver.<init>(FirefoxDriver.java:95)
at tests.TestBase.StartDriver(TestBase.java:30)
Caused by: java.lang.ClassNotFoundException: org.openqa.selenium.NoSuchShadowRootException
at java.base/jdk.internal.loader.BuiltinClassLoader.loadClass(BuiltinClassLoader.java:641)
at java.base/jdk.internal.loader.ClassLoaders$AppClassLoader.loadClass(ClassLoaders.java:188)
at java.base/java.lang.ClassLoader.loadClass(ClassLoader.java:520)
... 32 more
... Removed 24 stack frames]]>
    </failure>
  </testcase> <!-- @BeforeTest StartDriver -->
  <testcase classname="tests.TestBase" name="@AfterTest EndDriver" time="0.0">
    <skipped/>
  </testcase> <!-- @AfterTest EndDriver -->
  <testcase classname="tests.ReservationTest" name="userSearch" time="0.0">
    <skipped/>
  </testcase> <!-- userSearch -->
</testsuite> <!-- FirefoxTest -->
